<?xml version="1.0" encoding="UTF-8"?>
<testng-results skipped="0" failed="0" ignored="0" total="1" passed="1">
  <reporter-output>
  </reporter-output>
  <suite name="Suite" duration-ms="63" started-at="2019-02-24T17:48:20Z" finished-at="2019-02-24T17:48:20Z">
    <groups>
    </groups>
    <test name="Test" duration-ms="63" started-at="2019-02-24T17:48:20Z" finished-at="2019-02-24T17:48:20Z">
      <class name="muttu.muttu.LoginPage">
        <test-method status="PASS" signature="login(java.lang.String, java.lang.String)[pri:0, instance:muttu.muttu.LoginPage@e45f292]" name="login" duration-ms="12" started-at="2019-02-24T17:48:20Z" finished-at="2019-02-24T17:48:20Z">
          <params>
            <param index="0">
              <value>
                <![CDATA[test data]]>
              </value>
            </param>
            <param index="1">
              <value>
                <![CDATA[data test]]>
              </value>
            </param>
          </params>
          <reporter-output>
          </reporter-output>
        </test-method> <!-- login -->
      </class> <!-- muttu.muttu.LoginPage -->
    </test> <!-- Test -->
  </suite> <!-- Suite -->
</testng-results>
